<?xml version="1.0" encoding="UTF-8"?>
<coverage generated="1496353857599" clover="3.2.0">
  <project timestamp="1496353857599" name="All files">
    <metrics statements="5" coveredstatements="5" conditionals="2" coveredconditionals="2" methods="2" coveredmethods="2" elements="9" coveredelements="9" complexity="0" loc="5" ncloc="5" packages="1" files="1" classes="1">
      <file name="deleteProperty.js" path="/home/johnny/OpenSource/picklock/src/deleteProperty.js">
        <metrics statements="5" coveredstatements="5" conditionals="2" coveredconditionals="2" methods="2" coveredmethods="2"/>
        <line num="22" count="1" type="stmt"/>
        <line num="23" count="1" type="stmt"/>
        <line num="24" count="3" type="cond" truecount="2" falsecount="0"/>
        <line num="25" count="2" type="stmt"/>
        <line num="27" count="3" type="stmt"/>
      </file>
    </metrics>
  </project>
</coverage>
