{"/home/johnny/OpenSource/picklock/src/deleteProperty.js": {"path":"/home/johnny/OpenSource/picklock/src/deleteProperty.js","statementMap":{"0":{"start":{"line":22,"column":30},"end":{"line":28,"column":8}},"1":{"start":{"line":23,"column":2},"end":{"line":28,"column":8}},"2":{"start":{"line":24,"column":4},"end":{"line":26,"column":5}},"3":{"start":{"line":25,"column":6},"end":{"line":25,"column":30}},"4":{"start":{"line":27,"column":4},"end":{"line":27,"column":16}}},"fnMap":{"0":{"name":"(anonymous_0)","decl":{"start":{"line":22,"column":30},"end":{"line":22,"column":31}},"loc":{"start":{"line":23,"column":2},"end":{"line":28,"column":8}},"line":23},"1":{"name":"(anonymous_1)","decl":{"start":{"line":23,"column":29},"end":{"line":23,"column":30}},"loc":{"start":{"line":23,"column":44},"end":{"line":28,"column":3}},"line":23}},"branchMap":{"0":{"loc":{"start":{"line":24,"column":4},"end":{"line":26,"column":5}},"type":"if","locations":[{"start":{"line":24,"column":4},"end":{"line":26,"column":5}},{"start":{"line":24,"column":4},"end":{"line":26,"column":5}}],"line":24}},"s":{"0":1,"1":1,"2":3,"3":2,"4":3},"f":{"0":1,"1":3},"b":{"0":[2,1]},"_coverageSchema":"332fd63041d2c1bcb487cc26dd0d5f7d97098a6c","hash":"5b6c00d177e07db9a8b42154913778da170b3948"}
}
